<?xml version="1.0" encoding="UTF-8"?>
<!-- Generated by org.testng.reporters.JUnitXMLReporter -->
<testsuite ignored="11" hostname="LAPTOP-E55E5HTQ" failures="0" tests="1" name="Demo" time="13.701" errors="0" timestamp="17 Dec. 2021 06:11:17 GMT">
  <testcase classname="com.envision.learning.demos.Alertiframewindows" name="closeModalWindow" time="11.302"/>
  <testcase classname="com.envision.learning.demos.Alertiframewindows" name="switchToFrame" time="0.0">
    <ignored/>
  </testcase> <!-- switchToFrame -->
  <testcase classname="com.envision.learning.demos.Alertiframewindows" name="verifyCheckboxSelected" time="0.0">
    <ignored/>
  </testcase> <!-- verifyCheckboxSelected -->
  <testcase classname="com.envision.learning.demos.Alertiframewindows" name="verifyOpenTabFunctionality1" time="0.0">
    <ignored/>
  </testcase> <!-- verifyOpenTabFunctionality1 -->
  <testcase classname="com.envision.learning.demos.Alertiframewindows" name="verifyOpenTabFunctionality" time="0.0">
    <ignored/>
  </testcase> <!-- verifyOpenTabFunctionality -->
  <testcase classname="com.envision.learning.demos.Alertiframewindows" name="newwindow" time="0.0">
    <ignored/>
  </testcase> <!-- newwindow -->
  <testcase classname="com.envision.learning.demos.Alertiframewindows" name="verifyLinks" time="0.0">
    <ignored/>
  </testcase> <!-- verifyLinks -->
  <testcase classname="com.envision.learning.demos.Alertiframewindows" name="verifyOpenTabUsingRobot" time="0.0">
    <ignored/>
  </testcase> <!-- verifyOpenTabUsingRobot -->
  <testcase classname="com.envision.learning.demos.Alertiframewindows" name="alert" time="0.0">
    <ignored/>
  </testcase> <!-- alert -->
  <testcase classname="com.envision.learning.demos.Alertiframewindows" name="windowtab" time="0.0">
    <ignored/>
  </testcase> <!-- windowtab -->
  <testcase classname="com.envision.learning.demos.Alertiframewindows" name="newwindowmessage" time="0.0">
    <ignored/>
  </testcase> <!-- newwindowmessage -->
  <testcase classname="com.envision.learning.demos.Alertiframewindows" name="scrollingInSelenium" time="0.0">
    <ignored/>
  </testcase> <!-- scrollingInSelenium -->
</testsuite> <!-- Demo -->
