<?xml version="1.0" encoding="UTF-8"?>
<testng-results ignored="11" total="12" passed="1" failed="0" skipped="0">
  <reporter-output>
  </reporter-output>
  <suite started-at="2021-12-17T06:11:03Z" name="Suite1" finished-at="2021-12-17T06:11:17Z" duration-ms="13701">
    <groups>
    </groups>
    <test started-at="2021-12-17T06:11:03Z" name="Demo" finished-at="2021-12-17T06:11:17Z" duration-ms="13701">
      <class name="com.envision.learning.demos.Alertiframewindows">
        <test-method is-config="true" signature="launchBrowser()[pri:0, instance:com.envision.learning.demos.Alertiframewindows@702657cc]" started-at="2021-12-17T06:11:03Z" name="launchBrowser" finished-at="2021-12-17T06:11:05Z" duration-ms="1666" status="PASS">
          <reporter-output>
          </reporter-output>
        </test-method> <!-- launchBrowser -->
        <test-method signature="closeModalWindow()[pri:0, instance:com.envision.learning.demos.Alertiframewindows@702657cc]" started-at="2021-12-17T06:11:05Z" name="closeModalWindow" finished-at="2021-12-17T06:11:16Z" duration-ms="11302" status="PASS">
          <reporter-output>
          </reporter-output>
        </test-method> <!-- closeModalWindow -->
        <test-method is-config="true" signature="closeBrowser()[pri:0, instance:com.envision.learning.demos.Alertiframewindows@702657cc]" started-at="2021-12-17T06:11:16Z" name="closeBrowser" finished-at="2021-12-17T06:11:17Z" duration-ms="714" status="PASS">
          <reporter-output>
          </reporter-output>
        </test-method> <!-- closeBrowser -->
      </class> <!-- com.envision.learning.demos.Alertiframewindows -->
    </test> <!-- Demo -->
  </suite> <!-- Suite1 -->
</testng-results>
